[26.08.2020 19:18:07] Bellyna: /boss spawn Enderman Fighter
[26.08.2020 19:18:26] Bellyna: /boss spawn Skeleton Warrior
[26.08.2020 19:18:45] Bellyna: /gms
[26.08.2020 19:19:18] Bellyna: /gmc
[26.08.2020 19:20:08] Bellyna: /boss spawn Skeleton Warrior
[26.08.2020 19:22:57] Bellyna: /boss spawn Skeleton Warrior
[26.08.2020 19:47:09] Bellyna: /day
[26.08.2020 19:47:44] Bellyna: /boss spawn Enderman Fighter
[26.08.2020 20:05:57] Bellyna: /boss spawn Enderman Fighter
[26.08.2020 20:07:08] Bellyna: /spawnentity elder_guardian
[26.08.2020 20:08:27] Bellyna: /spawnentity evoker
[26.08.2020 20:08:46] Bellyna: /gms
[26.08.2020 20:09:25] Bellyna: /gmc
[26.08.2020 20:09:37] Bellyna: /day
[26.08.2020 20:11:08] Bellyna: /boss spawn Enderman Fighter
[26.08.2020 20:11:22] Bellyna: /gms
[26.08.2020 20:11:56] Bellyna: /gmc
[26.08.2020 20:12:15] Bellyna: /boss spawn Skeleton Warrior
[26.08.2020 20:12:43] Bellyna: /boss spawn Enderman Fighter
[26.08.2020 20:15:42] Bellyna: /boss spawn Enderman Fighter
[26.08.2020 20:20:21] Bellyna: /boss spawn Pig zombie Fighter
[26.08.2020 20:23:46] Bellyna: /boss spawn Enderman Fighter
[26.08.2020 20:26:58] Bellyna: /day
[26.08.2020 20:27:02] Bellyna: /day
[26.08.2020 20:27:13] Bellyna: /boss spawn Enderman Fighter
[26.08.2020 20:34:27] Bellyna: /boss spawn enderman fighter
[26.08.2020 20:34:41] Bellyna: /boss spawn Enderman Fighter
[26.08.2020 20:37:56] Bellyna: /fireball
